<?xml version="1.0" encoding="UTF-8"?>
<testsuite xmlns:xsi="http://www.w3.org/2001/XMLSchema-instance" xsi:noNamespaceSchemaLocation="https://maven.apache.org/surefire/maven-surefire-plugin/xsd/surefire-test-report-3.0.xsd" version="3.0" name="com.clubconnect.config_server.ConfigServerApplicationTests" time="6.042" tests="1" errors="0" skipped="0" failures="0">
  <properties>
[...]
</properties>
  <testcase name="contextLoads" classname="com.clubconnect.config_server.ConfigServerApplicationTests" time="0.747">
    <system-out><![CDATA[09:43:42.090 [main] INFO org.springframework.test.context.support.AnnotationConfigContextLoaderUtils -- Could not detect default configuration classes for test class [com.clubconnect.config_server.ConfigServerApplicationTests]: ConfigServerApplicationTests does not declare any static, non-private, non-final, nested classes annotated with @Configuration.
09:43:42.205 [main] INFO org.springframework.boot.test.context.SpringBootTestContextBootstrapper -- Found @SpringBootConfiguration com.clubconnect.config_server.ConfigServerApplication for test class com.clubconnect.config_server.ConfigServerApplicationTests

  .   ____          _            __ _ _
 /\\ / ___'_ __ _ _(_)_ __  __ _ \ \ \ \
( ( )\___ | '_ | '_| | '_ \/ _` | \ \ \ \
 \\/  ___)| |_)| | | | | || (_| |  ) ) ) )
  '  |____| .__|_| |_|_| |_\__, | / / / /
 =========|_|==============|___/=/_/_/_/
 :: Spring Boot ::                (v3.2.0)

2025-10-08T09:43:43.712+05:30  INFO 11876 --- [config-server] [           main] c.c.c.ConfigServerApplicationTests       : Starting ConfigServerApplicationTests using Java 21.0.4 with PID 11876 (started by keshav in C:\College\Sem7\Microserivces\ClubConnect\config-server)
2025-10-08T09:43:43.713+05:30  INFO 11876 --- [config-server] [           main] c.c.c.ConfigServerApplicationTests       : No active profile set, falling back to 1 default profile: "default"
2025-10-08T09:43:44.781+05:30  INFO 11876 --- [config-server] [           main] o.s.cloud.context.scope.GenericScope     : BeanFactory id=702fc47d-65ca-37ec-8e4a-7af359d3342a
2025-10-08T09:43:45.723+05:30  INFO 11876 --- [config-server] [           main] o.s.s.web.DefaultSecurityFilterChain     : Will secure any request with [org.springframework.security.web.session.DisableEncodeUrlFilter@2dbfa972, org.springframework.security.web.context.request.async.WebAsyncManagerIntegrationFilter@46f73ffa, org.springframework.security.web.context.SecurityContextHolderFilter@615db358, org.springframework.security.web.header.HeaderWriterFilter@7e7740a5, org.springframework.web.filter.CorsFilter@41aebbb4, org.springframework.security.web.csrf.CsrfFilter@543fe698, org.springframework.security.web.authentication.logout.LogoutFilter@6a567f7b, org.springframework.security.web.authentication.UsernamePasswordAuthenticationFilter@14b4340c, org.springframework.security.web.authentication.ui.DefaultLoginPageGeneratingFilter@2ca54da9, org.springframework.security.web.authentication.ui.DefaultLogoutPageGeneratingFilter@afde064, org.springframework.security.web.authentication.www.BasicAuthenticationFilter@51e7589f, org.springframework.security.web.savedrequest.RequestCacheAwareFilter@5fef0c19, org.springframework.security.web.servletapi.SecurityContextHolderAwareRequestFilter@2e6d76ba, org.springframework.security.web.authentication.AnonymousAuthenticationFilter@5a592c70, org.springframework.security.web.access.ExceptionTranslationFilter@515ab3f2, org.springframework.security.web.access.intercept.AuthorizationFilter@216372b7]
2025-10-08T09:43:46.775+05:30  INFO 11876 --- [config-server] [           main] o.s.cloud.commons.util.InetUtils         : Cannot determine local hostname
2025-10-08T09:43:47.176+05:30  INFO 11876 --- [config-server] [           main] c.c.c.ConfigServerApplicationTests       : Started ConfigServerApplicationTests in 4.839 seconds (process running for 5.793)
]]></system-out>
    <system-err><![CDATA[WARNING: A Java agent has been loaded dynamically (C:\Users\Keshav\.m2\repository\net\bytebuddy\byte-buddy-agent\1.14.10\byte-buddy-agent-1.14.10.jar)
WARNING: If a serviceability tool is in use, please run with -XX:+EnableDynamicAgentLoading to hide this warning
WARNING: If a serviceability tool is not in use, please run with -Djdk.instrument.traceUsage for more information
WARNING: Dynamic loading of agents will be disallowed by default in a future release
]]></system-err>
  </testcase>
</testsuite>