<?xml version="1.0" encoding="UTF-8"?>
<testsuite xmlns:xsi="http://www.w3.org/2001/XMLSchema-instance" xsi:noNamespaceSchemaLocation="https://maven.apache.org/surefire/maven-surefire-plugin/xsd/surefire-test-report.xsd" version="3.0.2" name="com.clubconnect.config_server.ConfigServerApplicationTests" time="7.339" tests="1" errors="0" skipped="0" failures="0">
  <properties>
[...]
</properties>
  <testcase name="contextLoads" classname="com.clubconnect.config_server.ConfigServerApplicationTests" time="1.408">
    <system-out><![CDATA[23:22:30.158 [main] INFO org.springframework.test.context.support.AnnotationConfigContextLoaderUtils -- Could not detect default configuration classes for test class [com.clubconnect.config_server.ConfigServerApplicationTests]: ConfigServerApplicationTests does not declare any static, non-private, non-final, nested classes annotated with @Configuration.
23:22:30.311 [main] INFO org.springframework.boot.test.context.SpringBootTestContextBootstrapper -- Found @SpringBootConfiguration com.clubconnect.config_server.ConfigServerApplication for test class com.clubconnect.config_server.ConfigServerApplicationTests

  .   ____          _            __ _ _
 /\\ / ___'_ __ _ _(_)_ __  __ _ \ \ \ \
( ( )\___ | '_ | '_| | '_ \/ _` | \ \ \ \
 \\/  ___)| |_)| | | | | || (_| |  ) ) ) )
  '  |____| .__|_| |_|_| |_\__, | / / / /
 =========|_|==============|___/=/_/_/_/

 :: Spring Boot ::                (v3.5.3)

2025-09-23T23:22:31.397+05:30  INFO 25784 --- [config-server] [           main] c.c.c.ConfigServerApplicationTests       : Starting ConfigServerApplicationTests using Java 21.0.2 with PID 25784 (started by keshav in C:\College\Sem7\Microserivces\ClubConnect\config-server)
2025-09-23T23:22:31.399+05:30  INFO 25784 --- [config-server] [           main] c.c.c.ConfigServerApplicationTests       : The following 1 profile is active: "native"
2025-09-23T23:22:33.503+05:30  INFO 25784 --- [config-server] [           main] o.s.cloud.context.scope.GenericScope     : BeanFactory id=5c57281b-bb23-348e-bec3-2cd2806fc4ae
2025-09-23T23:22:35.817+05:30  INFO 25784 --- [config-server] [           main] c.c.c.ConfigServerApplicationTests       : Started ConfigServerApplicationTests in 5.003 seconds (process running for 6.847)
]]></system-out>
    <system-err><![CDATA[Mockito is currently self-attaching to enable the inline-mock-maker. This will no longer work in future releases of the JDK. Please add Mockito as an agent to your build as described in Mockito's documentation: https://javadoc.io/doc/org.mockito/mockito-core/latest/org.mockito/org/mockito/Mockito.html#0.3
WARNING: A Java agent has been loaded dynamically (C:\Users\Keshav\.m2\repository\net\bytebuddy\byte-buddy-agent\1.17.6\byte-buddy-agent-1.17.6.jar)
WARNING: If a serviceability tool is in use, please run with -XX:+EnableDynamicAgentLoading to hide this warning
WARNING: If a serviceability tool is not in use, please run with -Djdk.instrument.traceUsage for more information
WARNING: Dynamic loading of agents will be disallowed by default in a future release
]]></system-err>
  </testcase>
</testsuite>